<?xml version="1.0" encoding="UTF-8"?>
<testExecutions version="1">
  <file path="D:\automacao Impacta\Jest_ContaBancaria\Jest_ContaBancaria\__tests__\application\TransferenciaServico.test.ts">
    <testCase name="Transferência Serviço transferir com sucesso" duration="62"/>
    <testCase name="Transferência Serviço conta de origem não encontrada" duration="2"/>
    <testCase name="Transferência Serviço conta de destino não encontrada" duration="0"/>
  </file>
  <file path="D:\automacao Impacta\Jest_ContaBancaria\Jest_ContaBancaria\__tests__\model\NumeroConta.test.ts">
    <testCase name="Número Conta conta com seis dígitos" duration="1"/>
    <testCase name="Número Conta conta com cinco dígitos" duration="70"/>
    <testCase name="Número Conta conta com sete dígitos" duration="2"/>
    <testCase name="Número Conta conta com valor que não sejam digitos" duration="2"/>
  </file>
  <file path="D:\automacao Impacta\Jest_ContaBancaria\Jest_ContaBancaria\__tests__\application\TransferenciaServicoMock.test.ts">
    <testCase name="Transferencia serviço mock transferir com sucesso" duration="56"/>
    <testCase name="Transferencia serviço mock conta de origem não encontrada" duration="3"/>
    <testCase name="Transferencia serviço mock conta de destino não encontrada" duration="2"/>
  </file>
  <file path="D:\automacao Impacta\Jest_ContaBancaria\Jest_ContaBancaria\__tests__\model\service\TransferenciaValor.test.ts">
    <testCase name="Transferência Valor transferencia de valor entre contas com sucesso" duration="35"/>
  </file>
  <file path="D:\automacao Impacta\Jest_ContaBancaria\Jest_ContaBancaria\__tests__\model\Recibo.test.ts">
    <testCase name="Recibo criar com sucesso" duration="13"/>
    <testCase name="Recibo criar recibos diferentes" duration="1"/>
  </file>
  <file path="D:\automacao Impacta\Jest_ContaBancaria\Jest_ContaBancaria\.stryker-tmp\sandbox6289199\__tests__\model\service\TransferenciaValor.test.ts">
    <testCase name="Transferência Valor transferencia de valor entre contas com sucesso" duration="14"/>
  </file>
  <file path="D:\automacao Impacta\Jest_ContaBancaria\Jest_ContaBancaria\__tests__\model\Contas.test.ts">
    <testCase name="Conta sacar com sucesso" duration="13"/>
    <testCase name="Conta sacar com valor zerado" duration="20"/>
    <testCase name="Conta sacar com valor negativo" duration="5"/>
    <testCase name="Conta sacar valor acima do saldo" duration="4"/>
    <testCase name="Conta depositar com sucesso" duration="1"/>
    <testCase name="Conta depositar com valor zerado" duration="1"/>
    <testCase name="Conta depositar com valor negativo" duration="2"/>
    <testCase name="Conta sacar todo o saldo" duration="1"/>
  </file>
  <file path="D:\automacao Impacta\Jest_ContaBancaria\Jest_ContaBancaria\.stryker-tmp\sandbox6289199\__tests__\model\Contas.test.ts">
    <testCase name="Conta sacar com sucesso" duration="19"/>
    <testCase name="Conta sacar com valor zerado" duration="36"/>
    <testCase name="Conta sacar com valor negativo" duration="3"/>
    <testCase name="Conta sacar valor acima do saldo" duration="2"/>
    <testCase name="Conta depositar com sucesso" duration="2"/>
    <testCase name="Conta depositar com valor zerado" duration="2"/>
    <testCase name="Conta depositar com valor negativo" duration="2"/>
  </file>
  <file path="D:\automacao Impacta\Jest_ContaBancaria\Jest_ContaBancaria\.stryker-tmp\sandbox6289199\__tests__\model\NumeroConta.test.ts">
    <testCase name="Número Conta conta com seis dígitos" duration="15"/>
    <testCase name="Número Conta conta com cinco dígitos" duration="24"/>
    <testCase name="Número Conta conta com sete dígitos" duration="11"/>
    <testCase name="Número Conta conta com valor que não sejam digitos" duration="3"/>
  </file>
  <file path="D:\automacao Impacta\Jest_ContaBancaria\Jest_ContaBancaria\.stryker-tmp\sandbox6289199\__tests__\model\Recibo.test.ts">
    <testCase name="Recibo criar com sucesso" duration="8"/>
  </file>
  <file path="D:\automacao Impacta\Jest_ContaBancaria\Jest_ContaBancaria\.stryker-tmp\sandbox6289199\__tests__\application\TransferenciaServico.test.ts">
    <testCase name="Transferência Serviço transferir com sucesso" duration="11"/>
    <testCase name="Transferência Serviço conta de origem não encontrada" duration="2"/>
    <testCase name="Transferência Serviço conta de destino não encontrada" duration="0"/>
  </file>
  <file path="D:\automacao Impacta\Jest_ContaBancaria\Jest_ContaBancaria\.stryker-tmp\sandbox6289199\__tests__\application\TransferenciaServicoMock.test.ts">
    <testCase name="Transferencia serviço mock transferir com sucesso" duration="16"/>
    <testCase name="Transferencia serviço mock conta de origem não encontrada" duration="2"/>
    <testCase name="Transferencia serviço mock conta de destino não encontrada" duration="2"/>
  </file>
</testExecutions>